c:\users\windows\source\repos\consoleapplication1\consoleapplication1\x64\debug\vc145.pdb
c:\users\windows\source\repos\consoleapplication1\consoleapplication1\x64\debug\vc145.idb
c:\users\windows\source\repos\consoleapplication1\consoleapplication1\x64\debug\source2.obj
c:\users\windows\source\repos\consoleapplication1\consoleapplication1\x64\debug\source1.obj
c:\users\windows\source\repos\consoleapplication1\consoleapplication1\x64\debug\source.obj
c:\users\windows\source\repos\consoleapplication1\consoleapplication1\x64\debug\hol.obj
c:\users\windows\source\repos\consoleapplication1\consoleapplication1\x64\debug\fi.obj
c:\users\windows\source\repos\consoleapplication1\consoleapplication1\x64\debug\f2.obj
c:\users\windows\source\repos\consoleapplication1\consoleapplication1\x64\debug\consoleapplication1.obj
c:\users\windows\source\repos\consoleapplication1\x64\debug\consoleapplication1.exe
c:\users\windows\source\repos\consoleapplication1\x64\debug\consoleapplication1.pdb
c:\users\windows\source\repos\consoleapplication1\consoleapplication1\x64\debug\consoleapplication1.ilk
c:\users\windows\source\repos\consoleapplication1\consoleapplication1\x64\debug\consolea.69829f8a.tlog\cl.command.1.tlog
c:\users\windows\source\repos\consoleapplication1\consoleapplication1\x64\debug\consolea.69829f8a.tlog\cl.items.tlog
c:\users\windows\source\repos\consoleapplication1\consoleapplication1\x64\debug\consolea.69829f8a.tlog\cl.read.1.tlog
c:\users\windows\source\repos\consoleapplication1\consoleapplication1\x64\debug\consolea.69829f8a.tlog\cl.write.1.tlog
c:\users\windows\source\repos\consoleapplication1\consoleapplication1\x64\debug\consolea.69829f8a.tlog\link.command.1.tlog
c:\users\windows\source\repos\consoleapplication1\consoleapplication1\x64\debug\consolea.69829f8a.tlog\link.read.1.tlog
c:\users\windows\source\repos\consoleapplication1\consoleapplication1\x64\debug\consolea.69829f8a.tlog\link.secondary.1.tlog
c:\users\windows\source\repos\consoleapplication1\consoleapplication1\x64\debug\consolea.69829f8a.tlog\link.write.1.tlog
